2022-07-06T21:16:51.387Z error: uncaughtException: This is a custom error
Error: This is a custom error
    at C:\Users\kucza\OneDrive\Desktop\Projects\winston-logging\app.js:47:11
    at Layer.handle [as handle_request] (C:\Users\kucza\OneDrive\Desktop\Projects\winston-logging\node_modules\express\lib\router\layer.js:95:5)
    at next (C:\Users\kucza\OneDrive\Desktop\Projects\winston-logging\node_modules\express\lib\router\route.js:144:13)
    at Route.dispatch (C:\Users\kucza\OneDrive\Desktop\Projects\winston-logging\node_modules\express\lib\router\route.js:114:3)
    at Layer.handle [as handle_request] (C:\Users\kucza\OneDrive\Desktop\Projects\winston-logging\node_modules\express\lib\router\layer.js:95:5)
    at C:\Users\kucza\OneDrive\Desktop\Projects\winston-logging\node_modules\express\lib\router\index.js:284:15
    at Function.process_params (C:\Users\kucza\OneDrive\Desktop\Projects\winston-logging\node_modules\express\lib\router\index.js:346:12)
    at next (C:\Users\kucza\OneDrive\Desktop\Projects\winston-logging\node_modules\express\lib\router\index.js:280:10)
    at C:\Users\kucza\OneDrive\Desktop\Projects\winston-logging\node_modules\express-winston\index.js:429:9
    at Layer.handle [as handle_request] (C:\Users\kucza\OneDrive\Desktop\Projects\winston-logging\node_modules\express\lib\router\layer.js:95:5)2024-04-08T22:28:39.762Z error: uncaughtException: This is a custom error
Error: This is a custom error
    at /Users/alexdipboye/Galaxy/app.js:59:9
    at Layer.handle [as handle_request] (/Users/alexdipboye/Galaxy/node_modules/express/lib/router/layer.js:95:5)
    at next (/Users/alexdipboye/Galaxy/node_modules/express/lib/router/route.js:149:13)
    at Route.dispatch (/Users/alexdipboye/Galaxy/node_modules/express/lib/router/route.js:119:3)
    at Layer.handle [as handle_request] (/Users/alexdipboye/Galaxy/node_modules/express/lib/router/layer.js:95:5)
    at /Users/alexdipboye/Galaxy/node_modules/express/lib/router/index.js:284:15
    at Function.process_params (/Users/alexdipboye/Galaxy/node_modules/express/lib/router/index.js:346:12)
    at next (/Users/alexdipboye/Galaxy/node_modules/express/lib/router/index.js:280:10)
    at /Users/alexdipboye/Galaxy/node_modules/express-winston/index.js:429:9
    at Layer.handle [as handle_request] (/Users/alexdipboye/Galaxy/node_modules/express/lib/router/layer.js:95:5)
2024-04-08T22:41:55.829Z error: uncaughtException: This is a custom error
Error: This is a custom error
    at /Users/alexdipboye/Galaxy/app.js:59:9
    at Layer.handle [as handle_request] (/Users/alexdipboye/Galaxy/node_modules/express/lib/router/layer.js:95:5)
    at next (/Users/alexdipboye/Galaxy/node_modules/express/lib/router/route.js:149:13)
    at Route.dispatch (/Users/alexdipboye/Galaxy/node_modules/express/lib/router/route.js:119:3)
    at Layer.handle [as handle_request] (/Users/alexdipboye/Galaxy/node_modules/express/lib/router/layer.js:95:5)
    at /Users/alexdipboye/Galaxy/node_modules/express/lib/router/index.js:284:15
    at Function.process_params (/Users/alexdipboye/Galaxy/node_modules/express/lib/router/index.js:346:12)
    at next (/Users/alexdipboye/Galaxy/node_modules/express/lib/router/index.js:280:10)
    at /Users/alexdipboye/Galaxy/node_modules/express-winston/index.js:429:9
    at Layer.handle [as handle_request] (/Users/alexdipboye/Galaxy/node_modules/express/lib/router/layer.js:95:5)
